[2026-01-30T09:08:06.387+0000] {manager.py:470} INFO - Processing files using up to 2 processes at a time 
[2026-01-30T09:08:06.392+0000] {manager.py:471} INFO - Process each file at most once every 30 seconds
[2026-01-30T09:08:06.393+0000] {manager.py:472} INFO - Checking for new files in /opt/airflow/dags every 300 seconds
[2026-01-30T09:08:06.395+0000] {manager.py:737} INFO - Searching for files in /opt/airflow/dags
[2026-01-30T09:08:06.398+0000] {manager.py:740} INFO - There are 0 files in /opt/airflow/dags
[2026-01-30T09:13:07.234+0000] {manager.py:737} INFO - Searching for files in /opt/airflow/dags
[2026-01-30T09:13:07.355+0000] {manager.py:740} INFO - There are 1 files in /opt/airflow/dags
[2026-01-30T09:13:10.376+0000] {manager.py:878} INFO - 
================================================================================
DAG File Processing Stats

File Path                                      PID  Runtime      # DAGs    # Errors  Last Runtime    Last Run
-------------------------------------------  -----  ---------  --------  ----------  --------------  ----------
/opt/airflow/dags/customers_pipeline_dag.py    159  0.01s             0           0
================================================================================
[2026-01-30T09:13:40.633+0000] {manager.py:878} INFO - 
================================================================================
DAG File Processing Stats

File Path                                    PID    Runtime      # DAGs    # Errors  Last Runtime    Last Run
-------------------------------------------  -----  ---------  --------  ----------  --------------  -------------------
/opt/airflow/dags/customers_pipeline_dag.py                           0           1  0.75s           2026-01-30T09:13:11
================================================================================
[2026-01-30T09:14:10.708+0000] {manager.py:878} INFO - 
================================================================================
DAG File Processing Stats

File Path                                    PID    Runtime      # DAGs    # Errors  Last Runtime    Last Run
-------------------------------------------  -----  ---------  --------  ----------  --------------  -------------------
/opt/airflow/dags/customers_pipeline_dag.py                           0           1  0.13s           2026-01-30T09:13:41
================================================================================
[2026-01-30T09:14:41.030+0000] {manager.py:878} INFO - 
================================================================================
DAG File Processing Stats

File Path                                    PID    Runtime      # DAGs    # Errors  Last Runtime    Last Run
-------------------------------------------  -----  ---------  --------  ----------  --------------  -------------------
/opt/airflow/dags/customers_pipeline_dag.py                           0           1  0.14s           2026-01-30T09:14:11
================================================================================
[2026-01-30T09:15:11.414+0000] {manager.py:878} INFO - 
================================================================================
DAG File Processing Stats

File Path                                    PID    Runtime      # DAGs    # Errors  Last Runtime    Last Run
-------------------------------------------  -----  ---------  --------  ----------  --------------  -------------------
/opt/airflow/dags/customers_pipeline_dag.py                           0           1  0.55s           2026-01-30T09:14:42
================================================================================
[2026-01-30T09:15:42.161+0000] {manager.py:878} INFO - 
================================================================================
DAG File Processing Stats

File Path                                    PID    Runtime      # DAGs    # Errors  Last Runtime    Last Run
-------------------------------------------  -----  ---------  --------  ----------  --------------  -------------------
/opt/airflow/dags/customers_pipeline_dag.py                           0           1  0.16s           2026-01-30T09:15:13
================================================================================
[2026-01-30T09:16:12.935+0000] {manager.py:878} INFO - 
================================================================================
DAG File Processing Stats

File Path                                    PID    Runtime      # DAGs    # Errors  Last Runtime    Last Run
-------------------------------------------  -----  ---------  --------  ----------  --------------  -------------------
/opt/airflow/dags/customers_pipeline_dag.py                           0           1  0.19s           2026-01-30T09:15:43
================================================================================
[2026-01-30T09:16:43.839+0000] {manager.py:878} INFO - 
================================================================================
DAG File Processing Stats

File Path                                    PID    Runtime      # DAGs    # Errors  Last Runtime    Last Run
-------------------------------------------  -----  ---------  --------  ----------  --------------  -------------------
/opt/airflow/dags/customers_pipeline_dag.py                           0           1  0.16s           2026-01-30T09:16:14
================================================================================
[2026-01-30T09:17:14.212+0000] {manager.py:878} INFO - 
================================================================================
DAG File Processing Stats

File Path                                    PID    Runtime      # DAGs    # Errors  Last Runtime    Last Run
-------------------------------------------  -----  ---------  --------  ----------  --------------  -------------------
/opt/airflow/dags/customers_pipeline_dag.py                           0           1  0.14s           2026-01-30T09:16:45
================================================================================
[2026-01-30T09:17:44.506+0000] {manager.py:878} INFO - 
================================================================================
DAG File Processing Stats

File Path                                    PID    Runtime      # DAGs    # Errors  Last Runtime    Last Run
-------------------------------------------  -----  ---------  --------  ----------  --------------  -------------------
/opt/airflow/dags/customers_pipeline_dag.py                           0           1  0.13s           2026-01-30T09:17:15
================================================================================
[2026-01-30T09:18:07.795+0000] {manager.py:737} INFO - Searching for files in /opt/airflow/dags
[2026-01-30T09:18:07.800+0000] {manager.py:740} INFO - There are 1 files in /opt/airflow/dags
[2026-01-30T09:18:14.922+0000] {manager.py:878} INFO - 
================================================================================
DAG File Processing Stats

File Path                                    PID    Runtime      # DAGs    # Errors  Last Runtime    Last Run
-------------------------------------------  -----  ---------  --------  ----------  --------------  -------------------
/opt/airflow/dags/customers_pipeline_dag.py                           0           1  0.16s           2026-01-30T09:17:45
================================================================================
[2026-01-30T09:18:45.264+0000] {manager.py:878} INFO - 
================================================================================
DAG File Processing Stats

File Path                                    PID    Runtime      # DAGs    # Errors  Last Runtime    Last Run
-------------------------------------------  -----  ---------  --------  ----------  --------------  -------------------
/opt/airflow/dags/customers_pipeline_dag.py                           0           1  0.14s           2026-01-30T09:18:16
================================================================================
[2026-01-30T09:19:15.646+0000] {manager.py:878} INFO - 
================================================================================
DAG File Processing Stats

File Path                                    PID    Runtime      # DAGs    # Errors  Last Runtime    Last Run
-------------------------------------------  -----  ---------  --------  ----------  --------------  -------------------
/opt/airflow/dags/customers_pipeline_dag.py                           0           1  0.16s           2026-01-30T09:18:46
================================================================================
[2026-01-30T09:19:45.988+0000] {manager.py:878} INFO - 
================================================================================
DAG File Processing Stats

File Path                                    PID    Runtime      # DAGs    # Errors  Last Runtime    Last Run
-------------------------------------------  -----  ---------  --------  ----------  --------------  -------------------
/opt/airflow/dags/customers_pipeline_dag.py                           1           0  1.60s           2026-01-30T09:19:18
================================================================================
[2026-01-30T09:20:16.009+0000] {manager.py:878} INFO - 
================================================================================
DAG File Processing Stats

File Path                                    PID    Runtime      # DAGs    # Errors  Last Runtime    Last Run
-------------------------------------------  -----  ---------  --------  ----------  --------------  -------------------
/opt/airflow/dags/customers_pipeline_dag.py                           1           0  0.31s           2026-01-30T09:19:48
================================================================================
[2026-01-30T09:20:46.327+0000] {manager.py:878} INFO - 
================================================================================
DAG File Processing Stats

File Path                                    PID    Runtime      # DAGs    # Errors  Last Runtime    Last Run
-------------------------------------------  -----  ---------  --------  ----------  --------------  -------------------
/opt/airflow/dags/customers_pipeline_dag.py                           1           0  0.39s           2026-01-30T09:20:19
================================================================================
[2026-01-30T09:21:16.951+0000] {manager.py:878} INFO - 
================================================================================
DAG File Processing Stats

File Path                                    PID    Runtime      # DAGs    # Errors  Last Runtime    Last Run
-------------------------------------------  -----  ---------  --------  ----------  --------------  -------------------
/opt/airflow/dags/customers_pipeline_dag.py                           1           0  0.23s           2026-01-30T09:20:49
================================================================================
[2026-01-30T09:21:47.398+0000] {manager.py:878} INFO - 
================================================================================
DAG File Processing Stats

File Path                                    PID    Runtime      # DAGs    # Errors  Last Runtime    Last Run
-------------------------------------------  -----  ---------  --------  ----------  --------------  -------------------
/opt/airflow/dags/customers_pipeline_dag.py                           1           0  0.25s           2026-01-30T09:21:20
================================================================================
[2026-01-30T09:22:17.708+0000] {manager.py:878} INFO - 
================================================================================
DAG File Processing Stats

File Path                                    PID    Runtime      # DAGs    # Errors  Last Runtime    Last Run
-------------------------------------------  -----  ---------  --------  ----------  --------------  -------------------
/opt/airflow/dags/customers_pipeline_dag.py                           1           0  0.23s           2026-01-30T09:21:50
================================================================================
[2026-01-30T09:22:48.193+0000] {manager.py:878} INFO - 
================================================================================
DAG File Processing Stats

File Path                                    PID    Runtime      # DAGs    # Errors  Last Runtime    Last Run
-------------------------------------------  -----  ---------  --------  ----------  --------------  -------------------
/opt/airflow/dags/customers_pipeline_dag.py                           1           0  0.48s           2026-01-30T09:22:34
================================================================================
[2026-01-30T09:23:07.839+0000] {manager.py:737} INFO - Searching for files in /opt/airflow/dags
[2026-01-30T09:23:07.842+0000] {manager.py:740} INFO - There are 1 files in /opt/airflow/dags
[2026-01-30T09:23:19.058+0000] {manager.py:878} INFO - 
================================================================================
DAG File Processing Stats

File Path                                    PID    Runtime      # DAGs    # Errors  Last Runtime    Last Run
-------------------------------------------  -----  ---------  --------  ----------  --------------  -------------------
/opt/airflow/dags/customers_pipeline_dag.py                           1           0  0.19s           2026-01-30T09:23:04
================================================================================
[2026-01-30T09:23:49.490+0000] {manager.py:878} INFO - 
================================================================================
DAG File Processing Stats

File Path                                    PID    Runtime      # DAGs    # Errors  Last Runtime    Last Run
-------------------------------------------  -----  ---------  --------  ----------  --------------  -------------------
/opt/airflow/dags/customers_pipeline_dag.py                           1           0  0.48s           2026-01-30T09:23:35
================================================================================
[2026-01-30T09:24:19.627+0000] {manager.py:878} INFO - 
================================================================================
DAG File Processing Stats

File Path                                    PID    Runtime      # DAGs    # Errors  Last Runtime    Last Run
-------------------------------------------  -----  ---------  --------  ----------  --------------  -------------------
/opt/airflow/dags/customers_pipeline_dag.py                           1           0  0.35s           2026-01-30T09:24:06
================================================================================
[2026-01-30T09:24:49.901+0000] {manager.py:878} INFO - 
================================================================================
DAG File Processing Stats

File Path                                    PID    Runtime      # DAGs    # Errors  Last Runtime    Last Run
-------------------------------------------  -----  ---------  --------  ----------  --------------  -------------------
/opt/airflow/dags/customers_pipeline_dag.py                           1           0  0.29s           2026-01-30T09:24:36
================================================================================
[2026-01-30T09:25:20.266+0000] {manager.py:878} INFO - 
================================================================================
DAG File Processing Stats

File Path                                    PID    Runtime      # DAGs    # Errors  Last Runtime    Last Run
-------------------------------------------  -----  ---------  --------  ----------  --------------  -------------------
/opt/airflow/dags/customers_pipeline_dag.py                           1           0  0.46s           2026-01-30T09:25:01
================================================================================
[2026-01-30T09:25:50.715+0000] {manager.py:878} INFO - 
================================================================================
DAG File Processing Stats

File Path                                    PID    Runtime      # DAGs    # Errors  Last Runtime    Last Run
-------------------------------------------  -----  ---------  --------  ----------  --------------  -------------------
/opt/airflow/dags/customers_pipeline_dag.py                           1           0  0.51s           2026-01-30T09:25:31
================================================================================
