[2026-01-30T09:13:10.458+0000] {processor.py:161} INFO - Started process (PID=159) to work on /opt/airflow/dags/customers_pipeline_dag.py
[2026-01-30T09:13:10.459+0000] {processor.py:830} INFO - Processing file /opt/airflow/dags/customers_pipeline_dag.py for tasks to queue
[2026-01-30T09:13:10.472+0000] {logging_mixin.py:188} INFO - [2026-01-30T09:13:10.462+0000] {dagbag.py:545} INFO - Filling up the DagBag from /opt/airflow/dags/customers_pipeline_dag.py
[2026-01-30T09:13:10.873+0000] {logging_mixin.py:188} INFO - [2026-01-30T09:13:10.805+0000] {dagbag.py:355} ERROR - Failed to import: /opt/airflow/dags/customers_pipeline_dag.py
Traceback (most recent call last):
  File "/home/airflow/.local/lib/python3.12/site-packages/airflow/models/dagbag.py", line 351, in parse
    loader.exec_module(new_module)
  File "<frozen importlib._bootstrap_external>", line 995, in exec_module
  File "<frozen importlib._bootstrap>", line 488, in _call_with_frames_removed
  File "/opt/airflow/dags/customers_pipeline_dag.py", line 23, in <module>
    run_pipeline = DockerOperator(
                   ^^^^^^^^^^^^^^^
  File "/home/airflow/.local/lib/python3.12/site-packages/airflow/models/baseoperator.py", line 484, in apply_defaults
    result = func(self, **kwargs, default_args=default_args)
             ^^^^^^^^^^^^^^^^^^^^^^^^^^^^^^^^^^^^^^^^^^^^^^^
  File "/home/airflow/.local/lib/python3.12/site-packages/airflow/providers/docker/operators/docker.py", line 272, in __init__
    super().__init__(**kwargs)
  File "/home/airflow/.local/lib/python3.12/site-packages/airflow/models/baseoperator.py", line 484, in apply_defaults
    result = func(self, **kwargs, default_args=default_args)
             ^^^^^^^^^^^^^^^^^^^^^^^^^^^^^^^^^^^^^^^^^^^^^^^
  File "/home/airflow/.local/lib/python3.12/site-packages/airflow/models/baseoperator.py", line 881, in __init__
    raise AirflowException(
airflow.exceptions.AirflowException: Invalid arguments were passed to DockerOperator (task_id: run_customers_pipeline). Invalid arguments were:
**kwargs: {'volumes': ['/opt/airflow/data:/app/data']}
[2026-01-30T09:13:10.876+0000] {processor.py:842} WARNING - No viable dags retrieved from /opt/airflow/dags/customers_pipeline_dag.py
[2026-01-30T09:13:10.985+0000] {processor.py:183} INFO - Processing /opt/airflow/dags/customers_pipeline_dag.py took 0.586 seconds
[2026-01-30T09:13:41.352+0000] {processor.py:161} INFO - Started process (PID=164) to work on /opt/airflow/dags/customers_pipeline_dag.py
[2026-01-30T09:13:41.371+0000] {processor.py:830} INFO - Processing file /opt/airflow/dags/customers_pipeline_dag.py for tasks to queue
[2026-01-30T09:13:41.378+0000] {logging_mixin.py:188} INFO - [2026-01-30T09:13:41.377+0000] {dagbag.py:545} INFO - Filling up the DagBag from /opt/airflow/dags/customers_pipeline_dag.py
[2026-01-30T09:13:41.397+0000] {logging_mixin.py:188} INFO - [2026-01-30T09:13:41.393+0000] {dagbag.py:355} ERROR - Failed to import: /opt/airflow/dags/customers_pipeline_dag.py
Traceback (most recent call last):
  File "/home/airflow/.local/lib/python3.12/site-packages/airflow/models/dagbag.py", line 351, in parse
    loader.exec_module(new_module)
  File "<frozen importlib._bootstrap_external>", line 995, in exec_module
  File "<frozen importlib._bootstrap>", line 488, in _call_with_frames_removed
  File "/opt/airflow/dags/customers_pipeline_dag.py", line 23, in <module>
    run_pipeline = DockerOperator(
                   ^^^^^^^^^^^^^^^
  File "/home/airflow/.local/lib/python3.12/site-packages/airflow/models/baseoperator.py", line 484, in apply_defaults
    result = func(self, **kwargs, default_args=default_args)
             ^^^^^^^^^^^^^^^^^^^^^^^^^^^^^^^^^^^^^^^^^^^^^^^
  File "/home/airflow/.local/lib/python3.12/site-packages/airflow/providers/docker/operators/docker.py", line 272, in __init__
    super().__init__(**kwargs)
  File "/home/airflow/.local/lib/python3.12/site-packages/airflow/models/baseoperator.py", line 484, in apply_defaults
    result = func(self, **kwargs, default_args=default_args)
             ^^^^^^^^^^^^^^^^^^^^^^^^^^^^^^^^^^^^^^^^^^^^^^^
  File "/home/airflow/.local/lib/python3.12/site-packages/airflow/models/baseoperator.py", line 881, in __init__
    raise AirflowException(
airflow.exceptions.AirflowException: Invalid arguments were passed to DockerOperator (task_id: run_customers_pipeline). Invalid arguments were:
**kwargs: {'volumes': ['/opt/airflow/data:/app/data']}
[2026-01-30T09:13:41.397+0000] {processor.py:842} WARNING - No viable dags retrieved from /opt/airflow/dags/customers_pipeline_dag.py
[2026-01-30T09:13:41.433+0000] {processor.py:183} INFO - Processing /opt/airflow/dags/customers_pipeline_dag.py took 0.096 seconds
[2026-01-30T09:14:11.637+0000] {processor.py:161} INFO - Started process (PID=169) to work on /opt/airflow/dags/customers_pipeline_dag.py
[2026-01-30T09:14:11.638+0000] {processor.py:830} INFO - Processing file /opt/airflow/dags/customers_pipeline_dag.py for tasks to queue
[2026-01-30T09:14:11.642+0000] {logging_mixin.py:188} INFO - [2026-01-30T09:14:11.641+0000] {dagbag.py:545} INFO - Filling up the DagBag from /opt/airflow/dags/customers_pipeline_dag.py
[2026-01-30T09:14:11.653+0000] {logging_mixin.py:188} INFO - [2026-01-30T09:14:11.651+0000] {dagbag.py:355} ERROR - Failed to import: /opt/airflow/dags/customers_pipeline_dag.py
Traceback (most recent call last):
  File "/home/airflow/.local/lib/python3.12/site-packages/airflow/models/dagbag.py", line 351, in parse
    loader.exec_module(new_module)
  File "<frozen importlib._bootstrap_external>", line 995, in exec_module
  File "<frozen importlib._bootstrap>", line 488, in _call_with_frames_removed
  File "/opt/airflow/dags/customers_pipeline_dag.py", line 23, in <module>
    run_pipeline = DockerOperator(
                   ^^^^^^^^^^^^^^^
  File "/home/airflow/.local/lib/python3.12/site-packages/airflow/models/baseoperator.py", line 484, in apply_defaults
    result = func(self, **kwargs, default_args=default_args)
             ^^^^^^^^^^^^^^^^^^^^^^^^^^^^^^^^^^^^^^^^^^^^^^^
  File "/home/airflow/.local/lib/python3.12/site-packages/airflow/providers/docker/operators/docker.py", line 272, in __init__
    super().__init__(**kwargs)
  File "/home/airflow/.local/lib/python3.12/site-packages/airflow/models/baseoperator.py", line 484, in apply_defaults
    result = func(self, **kwargs, default_args=default_args)
             ^^^^^^^^^^^^^^^^^^^^^^^^^^^^^^^^^^^^^^^^^^^^^^^
  File "/home/airflow/.local/lib/python3.12/site-packages/airflow/models/baseoperator.py", line 881, in __init__
    raise AirflowException(
airflow.exceptions.AirflowException: Invalid arguments were passed to DockerOperator (task_id: run_customers_pipeline). Invalid arguments were:
**kwargs: {'volumes': ['/opt/airflow/data:/app/data']}
[2026-01-30T09:14:11.654+0000] {processor.py:842} WARNING - No viable dags retrieved from /opt/airflow/dags/customers_pipeline_dag.py
[2026-01-30T09:14:11.719+0000] {processor.py:183} INFO - Processing /opt/airflow/dags/customers_pipeline_dag.py took 0.097 seconds
[2026-01-30T09:14:42.093+0000] {processor.py:161} INFO - Started process (PID=174) to work on /opt/airflow/dags/customers_pipeline_dag.py
[2026-01-30T09:14:42.094+0000] {processor.py:830} INFO - Processing file /opt/airflow/dags/customers_pipeline_dag.py for tasks to queue
[2026-01-30T09:14:42.096+0000] {logging_mixin.py:188} INFO - [2026-01-30T09:14:42.096+0000] {dagbag.py:545} INFO - Filling up the DagBag from /opt/airflow/dags/customers_pipeline_dag.py
[2026-01-30T09:14:42.108+0000] {logging_mixin.py:188} INFO - [2026-01-30T09:14:42.105+0000] {dagbag.py:355} ERROR - Failed to import: /opt/airflow/dags/customers_pipeline_dag.py
Traceback (most recent call last):
  File "/home/airflow/.local/lib/python3.12/site-packages/airflow/models/dagbag.py", line 351, in parse
    loader.exec_module(new_module)
  File "<frozen importlib._bootstrap_external>", line 995, in exec_module
  File "<frozen importlib._bootstrap>", line 488, in _call_with_frames_removed
  File "/opt/airflow/dags/customers_pipeline_dag.py", line 23, in <module>
    run_pipeline = DockerOperator(
                   ^^^^^^^^^^^^^^^
  File "/home/airflow/.local/lib/python3.12/site-packages/airflow/models/baseoperator.py", line 484, in apply_defaults
    result = func(self, **kwargs, default_args=default_args)
             ^^^^^^^^^^^^^^^^^^^^^^^^^^^^^^^^^^^^^^^^^^^^^^^
  File "/home/airflow/.local/lib/python3.12/site-packages/airflow/providers/docker/operators/docker.py", line 272, in __init__
    super().__init__(**kwargs)
  File "/home/airflow/.local/lib/python3.12/site-packages/airflow/models/baseoperator.py", line 484, in apply_defaults
    result = func(self, **kwargs, default_args=default_args)
             ^^^^^^^^^^^^^^^^^^^^^^^^^^^^^^^^^^^^^^^^^^^^^^^
  File "/home/airflow/.local/lib/python3.12/site-packages/airflow/models/baseoperator.py", line 881, in __init__
    raise AirflowException(
airflow.exceptions.AirflowException: Invalid arguments were passed to DockerOperator (task_id: run_customers_pipeline). Invalid arguments were:
**kwargs: {'volumes': ['/opt/airflow/data:/app/data']}
[2026-01-30T09:14:42.110+0000] {processor.py:842} WARNING - No viable dags retrieved from /opt/airflow/dags/customers_pipeline_dag.py
[2026-01-30T09:14:42.566+0000] {processor.py:183} INFO - Processing /opt/airflow/dags/customers_pipeline_dag.py took 0.480 seconds
[2026-01-30T09:15:12.980+0000] {processor.py:161} INFO - Started process (PID=179) to work on /opt/airflow/dags/customers_pipeline_dag.py
[2026-01-30T09:15:12.981+0000] {processor.py:830} INFO - Processing file /opt/airflow/dags/customers_pipeline_dag.py for tasks to queue
[2026-01-30T09:15:12.984+0000] {logging_mixin.py:188} INFO - [2026-01-30T09:15:12.984+0000] {dagbag.py:545} INFO - Filling up the DagBag from /opt/airflow/dags/customers_pipeline_dag.py
[2026-01-30T09:15:12.996+0000] {logging_mixin.py:188} INFO - [2026-01-30T09:15:12.994+0000] {dagbag.py:355} ERROR - Failed to import: /opt/airflow/dags/customers_pipeline_dag.py
Traceback (most recent call last):
  File "/home/airflow/.local/lib/python3.12/site-packages/airflow/models/dagbag.py", line 351, in parse
    loader.exec_module(new_module)
  File "<frozen importlib._bootstrap_external>", line 995, in exec_module
  File "<frozen importlib._bootstrap>", line 488, in _call_with_frames_removed
  File "/opt/airflow/dags/customers_pipeline_dag.py", line 23, in <module>
    run_pipeline = DockerOperator(
                   ^^^^^^^^^^^^^^^
  File "/home/airflow/.local/lib/python3.12/site-packages/airflow/models/baseoperator.py", line 484, in apply_defaults
    result = func(self, **kwargs, default_args=default_args)
             ^^^^^^^^^^^^^^^^^^^^^^^^^^^^^^^^^^^^^^^^^^^^^^^
  File "/home/airflow/.local/lib/python3.12/site-packages/airflow/providers/docker/operators/docker.py", line 272, in __init__
    super().__init__(**kwargs)
  File "/home/airflow/.local/lib/python3.12/site-packages/airflow/models/baseoperator.py", line 484, in apply_defaults
    result = func(self, **kwargs, default_args=default_args)
             ^^^^^^^^^^^^^^^^^^^^^^^^^^^^^^^^^^^^^^^^^^^^^^^
  File "/home/airflow/.local/lib/python3.12/site-packages/airflow/models/baseoperator.py", line 881, in __init__
    raise AirflowException(
airflow.exceptions.AirflowException: Invalid arguments were passed to DockerOperator (task_id: run_customers_pipeline). Invalid arguments were:
**kwargs: {'volumes': ['/opt/airflow/data:/app/data']}
[2026-01-30T09:15:12.997+0000] {processor.py:842} WARNING - No viable dags retrieved from /opt/airflow/dags/customers_pipeline_dag.py
[2026-01-30T09:15:13.047+0000] {processor.py:183} INFO - Processing /opt/airflow/dags/customers_pipeline_dag.py took 0.084 seconds
[2026-01-30T09:15:43.210+0000] {processor.py:161} INFO - Started process (PID=184) to work on /opt/airflow/dags/customers_pipeline_dag.py
[2026-01-30T09:15:43.223+0000] {processor.py:830} INFO - Processing file /opt/airflow/dags/customers_pipeline_dag.py for tasks to queue
[2026-01-30T09:15:43.225+0000] {logging_mixin.py:188} INFO - [2026-01-30T09:15:43.225+0000] {dagbag.py:545} INFO - Filling up the DagBag from /opt/airflow/dags/customers_pipeline_dag.py
[2026-01-30T09:15:43.241+0000] {logging_mixin.py:188} INFO - [2026-01-30T09:15:43.237+0000] {dagbag.py:355} ERROR - Failed to import: /opt/airflow/dags/customers_pipeline_dag.py
Traceback (most recent call last):
  File "/home/airflow/.local/lib/python3.12/site-packages/airflow/models/dagbag.py", line 351, in parse
    loader.exec_module(new_module)
  File "<frozen importlib._bootstrap_external>", line 995, in exec_module
  File "<frozen importlib._bootstrap>", line 488, in _call_with_frames_removed
  File "/opt/airflow/dags/customers_pipeline_dag.py", line 23, in <module>
    run_pipeline = DockerOperator(
                   ^^^^^^^^^^^^^^^
  File "/home/airflow/.local/lib/python3.12/site-packages/airflow/models/baseoperator.py", line 484, in apply_defaults
    result = func(self, **kwargs, default_args=default_args)
             ^^^^^^^^^^^^^^^^^^^^^^^^^^^^^^^^^^^^^^^^^^^^^^^
  File "/home/airflow/.local/lib/python3.12/site-packages/airflow/providers/docker/operators/docker.py", line 272, in __init__
    super().__init__(**kwargs)
  File "/home/airflow/.local/lib/python3.12/site-packages/airflow/models/baseoperator.py", line 484, in apply_defaults
    result = func(self, **kwargs, default_args=default_args)
             ^^^^^^^^^^^^^^^^^^^^^^^^^^^^^^^^^^^^^^^^^^^^^^^
  File "/home/airflow/.local/lib/python3.12/site-packages/airflow/models/baseoperator.py", line 881, in __init__
    raise AirflowException(
airflow.exceptions.AirflowException: Invalid arguments were passed to DockerOperator (task_id: run_customers_pipeline). Invalid arguments were:
**kwargs: {'volumes': ['/opt/airflow/data:/app/data']}
[2026-01-30T09:15:43.242+0000] {processor.py:842} WARNING - No viable dags retrieved from /opt/airflow/dags/customers_pipeline_dag.py
[2026-01-30T09:15:43.324+0000] {processor.py:183} INFO - Processing /opt/airflow/dags/customers_pipeline_dag.py took 0.127 seconds
[2026-01-30T09:16:13.993+0000] {processor.py:161} INFO - Started process (PID=189) to work on /opt/airflow/dags/customers_pipeline_dag.py
[2026-01-30T09:16:13.994+0000] {processor.py:830} INFO - Processing file /opt/airflow/dags/customers_pipeline_dag.py for tasks to queue
[2026-01-30T09:16:13.997+0000] {logging_mixin.py:188} INFO - [2026-01-30T09:16:13.997+0000] {dagbag.py:545} INFO - Filling up the DagBag from /opt/airflow/dags/customers_pipeline_dag.py
[2026-01-30T09:16:14.010+0000] {logging_mixin.py:188} INFO - [2026-01-30T09:16:14.008+0000] {dagbag.py:355} ERROR - Failed to import: /opt/airflow/dags/customers_pipeline_dag.py
Traceback (most recent call last):
  File "/home/airflow/.local/lib/python3.12/site-packages/airflow/models/dagbag.py", line 351, in parse
    loader.exec_module(new_module)
  File "<frozen importlib._bootstrap_external>", line 995, in exec_module
  File "<frozen importlib._bootstrap>", line 488, in _call_with_frames_removed
  File "/opt/airflow/dags/customers_pipeline_dag.py", line 23, in <module>
    run_pipeline = DockerOperator(
                   ^^^^^^^^^^^^^^^
  File "/home/airflow/.local/lib/python3.12/site-packages/airflow/models/baseoperator.py", line 484, in apply_defaults
    result = func(self, **kwargs, default_args=default_args)
             ^^^^^^^^^^^^^^^^^^^^^^^^^^^^^^^^^^^^^^^^^^^^^^^
  File "/home/airflow/.local/lib/python3.12/site-packages/airflow/providers/docker/operators/docker.py", line 272, in __init__
    super().__init__(**kwargs)
  File "/home/airflow/.local/lib/python3.12/site-packages/airflow/models/baseoperator.py", line 484, in apply_defaults
    result = func(self, **kwargs, default_args=default_args)
             ^^^^^^^^^^^^^^^^^^^^^^^^^^^^^^^^^^^^^^^^^^^^^^^
  File "/home/airflow/.local/lib/python3.12/site-packages/airflow/models/baseoperator.py", line 881, in __init__
    raise AirflowException(
airflow.exceptions.AirflowException: Invalid arguments were passed to DockerOperator (task_id: run_customers_pipeline). Invalid arguments were:
**kwargs: {'volumes': ['/opt/airflow/data:/app/data']}
[2026-01-30T09:16:14.011+0000] {processor.py:842} WARNING - No viable dags retrieved from /opt/airflow/dags/customers_pipeline_dag.py
[2026-01-30T09:16:14.093+0000] {processor.py:183} INFO - Processing /opt/airflow/dags/customers_pipeline_dag.py took 0.111 seconds
[2026-01-30T09:16:44.900+0000] {processor.py:161} INFO - Started process (PID=194) to work on /opt/airflow/dags/customers_pipeline_dag.py
[2026-01-30T09:16:44.903+0000] {processor.py:830} INFO - Processing file /opt/airflow/dags/customers_pipeline_dag.py for tasks to queue
[2026-01-30T09:16:44.909+0000] {logging_mixin.py:188} INFO - [2026-01-30T09:16:44.905+0000] {dagbag.py:545} INFO - Filling up the DagBag from /opt/airflow/dags/customers_pipeline_dag.py
[2026-01-30T09:16:44.929+0000] {logging_mixin.py:188} INFO - [2026-01-30T09:16:44.924+0000] {dagbag.py:355} ERROR - Failed to import: /opt/airflow/dags/customers_pipeline_dag.py
Traceback (most recent call last):
  File "/home/airflow/.local/lib/python3.12/site-packages/airflow/models/dagbag.py", line 351, in parse
    loader.exec_module(new_module)
  File "<frozen importlib._bootstrap_external>", line 995, in exec_module
  File "<frozen importlib._bootstrap>", line 488, in _call_with_frames_removed
  File "/opt/airflow/dags/customers_pipeline_dag.py", line 23, in <module>
    run_pipeline = DockerOperator(
                   ^^^^^^^^^^^^^^^
  File "/home/airflow/.local/lib/python3.12/site-packages/airflow/models/baseoperator.py", line 484, in apply_defaults
    result = func(self, **kwargs, default_args=default_args)
             ^^^^^^^^^^^^^^^^^^^^^^^^^^^^^^^^^^^^^^^^^^^^^^^
  File "/home/airflow/.local/lib/python3.12/site-packages/airflow/providers/docker/operators/docker.py", line 272, in __init__
    super().__init__(**kwargs)
  File "/home/airflow/.local/lib/python3.12/site-packages/airflow/models/baseoperator.py", line 484, in apply_defaults
    result = func(self, **kwargs, default_args=default_args)
             ^^^^^^^^^^^^^^^^^^^^^^^^^^^^^^^^^^^^^^^^^^^^^^^
  File "/home/airflow/.local/lib/python3.12/site-packages/airflow/models/baseoperator.py", line 881, in __init__
    raise AirflowException(
airflow.exceptions.AirflowException: Invalid arguments were passed to DockerOperator (task_id: run_customers_pipeline). Invalid arguments were:
**kwargs: {'volumes': ['/opt/airflow/data:/app/data']}
[2026-01-30T09:16:44.930+0000] {processor.py:842} WARNING - No viable dags retrieved from /opt/airflow/dags/customers_pipeline_dag.py
[2026-01-30T09:16:44.994+0000] {processor.py:183} INFO - Processing /opt/airflow/dags/customers_pipeline_dag.py took 0.103 seconds
[2026-01-30T09:17:15.254+0000] {processor.py:161} INFO - Started process (PID=199) to work on /opt/airflow/dags/customers_pipeline_dag.py
[2026-01-30T09:17:15.255+0000] {processor.py:830} INFO - Processing file /opt/airflow/dags/customers_pipeline_dag.py for tasks to queue
[2026-01-30T09:17:15.257+0000] {logging_mixin.py:188} INFO - [2026-01-30T09:17:15.257+0000] {dagbag.py:545} INFO - Filling up the DagBag from /opt/airflow/dags/customers_pipeline_dag.py
[2026-01-30T09:17:15.275+0000] {logging_mixin.py:188} INFO - [2026-01-30T09:17:15.272+0000] {dagbag.py:355} ERROR - Failed to import: /opt/airflow/dags/customers_pipeline_dag.py
Traceback (most recent call last):
  File "/home/airflow/.local/lib/python3.12/site-packages/airflow/models/dagbag.py", line 351, in parse
    loader.exec_module(new_module)
  File "<frozen importlib._bootstrap_external>", line 995, in exec_module
  File "<frozen importlib._bootstrap>", line 488, in _call_with_frames_removed
  File "/opt/airflow/dags/customers_pipeline_dag.py", line 23, in <module>
    run_pipeline = DockerOperator(
                   ^^^^^^^^^^^^^^^
  File "/home/airflow/.local/lib/python3.12/site-packages/airflow/models/baseoperator.py", line 484, in apply_defaults
    result = func(self, **kwargs, default_args=default_args)
             ^^^^^^^^^^^^^^^^^^^^^^^^^^^^^^^^^^^^^^^^^^^^^^^
  File "/home/airflow/.local/lib/python3.12/site-packages/airflow/providers/docker/operators/docker.py", line 272, in __init__
    super().__init__(**kwargs)
  File "/home/airflow/.local/lib/python3.12/site-packages/airflow/models/baseoperator.py", line 484, in apply_defaults
    result = func(self, **kwargs, default_args=default_args)
             ^^^^^^^^^^^^^^^^^^^^^^^^^^^^^^^^^^^^^^^^^^^^^^^
  File "/home/airflow/.local/lib/python3.12/site-packages/airflow/models/baseoperator.py", line 881, in __init__
    raise AirflowException(
airflow.exceptions.AirflowException: Invalid arguments were passed to DockerOperator (task_id: run_customers_pipeline). Invalid arguments were:
**kwargs: {'volumes': ['/opt/airflow/data:/app/data']}
[2026-01-30T09:17:15.277+0000] {processor.py:842} WARNING - No viable dags retrieved from /opt/airflow/dags/customers_pipeline_dag.py
[2026-01-30T09:17:15.340+0000] {processor.py:183} INFO - Processing /opt/airflow/dags/customers_pipeline_dag.py took 0.096 seconds
[2026-01-30T09:17:45.563+0000] {processor.py:161} INFO - Started process (PID=204) to work on /opt/airflow/dags/customers_pipeline_dag.py
[2026-01-30T09:17:45.565+0000] {processor.py:830} INFO - Processing file /opt/airflow/dags/customers_pipeline_dag.py for tasks to queue
[2026-01-30T09:17:45.569+0000] {logging_mixin.py:188} INFO - [2026-01-30T09:17:45.568+0000] {dagbag.py:545} INFO - Filling up the DagBag from /opt/airflow/dags/customers_pipeline_dag.py
[2026-01-30T09:17:45.594+0000] {logging_mixin.py:188} INFO - [2026-01-30T09:17:45.591+0000] {dagbag.py:355} ERROR - Failed to import: /opt/airflow/dags/customers_pipeline_dag.py
Traceback (most recent call last):
  File "/home/airflow/.local/lib/python3.12/site-packages/airflow/models/dagbag.py", line 351, in parse
    loader.exec_module(new_module)
  File "<frozen importlib._bootstrap_external>", line 995, in exec_module
  File "<frozen importlib._bootstrap>", line 488, in _call_with_frames_removed
  File "/opt/airflow/dags/customers_pipeline_dag.py", line 23, in <module>
    run_pipeline = DockerOperator(
                   ^^^^^^^^^^^^^^^
  File "/home/airflow/.local/lib/python3.12/site-packages/airflow/models/baseoperator.py", line 484, in apply_defaults
    result = func(self, **kwargs, default_args=default_args)
             ^^^^^^^^^^^^^^^^^^^^^^^^^^^^^^^^^^^^^^^^^^^^^^^
  File "/home/airflow/.local/lib/python3.12/site-packages/airflow/providers/docker/operators/docker.py", line 272, in __init__
    super().__init__(**kwargs)
  File "/home/airflow/.local/lib/python3.12/site-packages/airflow/models/baseoperator.py", line 484, in apply_defaults
    result = func(self, **kwargs, default_args=default_args)
             ^^^^^^^^^^^^^^^^^^^^^^^^^^^^^^^^^^^^^^^^^^^^^^^
  File "/home/airflow/.local/lib/python3.12/site-packages/airflow/models/baseoperator.py", line 881, in __init__
    raise AirflowException(
airflow.exceptions.AirflowException: Invalid arguments were passed to DockerOperator (task_id: run_customers_pipeline). Invalid arguments were:
**kwargs: {'volumes': ['/opt/airflow/data:/app/data']}
[2026-01-30T09:17:45.595+0000] {processor.py:842} WARNING - No viable dags retrieved from /opt/airflow/dags/customers_pipeline_dag.py
[2026-01-30T09:17:45.643+0000] {processor.py:183} INFO - Processing /opt/airflow/dags/customers_pipeline_dag.py took 0.089 seconds
[2026-01-30T09:18:15.983+0000] {processor.py:161} INFO - Started process (PID=209) to work on /opt/airflow/dags/customers_pipeline_dag.py
[2026-01-30T09:18:15.984+0000] {processor.py:830} INFO - Processing file /opt/airflow/dags/customers_pipeline_dag.py for tasks to queue
[2026-01-30T09:18:15.986+0000] {logging_mixin.py:188} INFO - [2026-01-30T09:18:15.985+0000] {dagbag.py:545} INFO - Filling up the DagBag from /opt/airflow/dags/customers_pipeline_dag.py
[2026-01-30T09:18:16.018+0000] {logging_mixin.py:188} INFO - [2026-01-30T09:18:16.014+0000] {dagbag.py:355} ERROR - Failed to import: /opt/airflow/dags/customers_pipeline_dag.py
Traceback (most recent call last):
  File "/home/airflow/.local/lib/python3.12/site-packages/airflow/models/dagbag.py", line 351, in parse
    loader.exec_module(new_module)
  File "<frozen importlib._bootstrap_external>", line 995, in exec_module
  File "<frozen importlib._bootstrap>", line 488, in _call_with_frames_removed
  File "/opt/airflow/dags/customers_pipeline_dag.py", line 23, in <module>
    run_pipeline = DockerOperator(
                   ^^^^^^^^^^^^^^^
  File "/home/airflow/.local/lib/python3.12/site-packages/airflow/models/baseoperator.py", line 484, in apply_defaults
    result = func(self, **kwargs, default_args=default_args)
             ^^^^^^^^^^^^^^^^^^^^^^^^^^^^^^^^^^^^^^^^^^^^^^^
  File "/home/airflow/.local/lib/python3.12/site-packages/airflow/providers/docker/operators/docker.py", line 272, in __init__
    super().__init__(**kwargs)
  File "/home/airflow/.local/lib/python3.12/site-packages/airflow/models/baseoperator.py", line 484, in apply_defaults
    result = func(self, **kwargs, default_args=default_args)
             ^^^^^^^^^^^^^^^^^^^^^^^^^^^^^^^^^^^^^^^^^^^^^^^
  File "/home/airflow/.local/lib/python3.12/site-packages/airflow/models/baseoperator.py", line 881, in __init__
    raise AirflowException(
airflow.exceptions.AirflowException: Invalid arguments were passed to DockerOperator (task_id: run_customers_pipeline). Invalid arguments were:
**kwargs: {'volumes': ['/opt/airflow/data:/app/data']}
[2026-01-30T09:18:16.020+0000] {processor.py:842} WARNING - No viable dags retrieved from /opt/airflow/dags/customers_pipeline_dag.py
[2026-01-30T09:18:16.057+0000] {processor.py:183} INFO - Processing /opt/airflow/dags/customers_pipeline_dag.py took 0.086 seconds
[2026-01-30T09:18:46.336+0000] {processor.py:161} INFO - Started process (PID=214) to work on /opt/airflow/dags/customers_pipeline_dag.py
[2026-01-30T09:18:46.339+0000] {processor.py:830} INFO - Processing file /opt/airflow/dags/customers_pipeline_dag.py for tasks to queue
[2026-01-30T09:18:46.344+0000] {logging_mixin.py:188} INFO - [2026-01-30T09:18:46.341+0000] {dagbag.py:545} INFO - Filling up the DagBag from /opt/airflow/dags/customers_pipeline_dag.py
[2026-01-30T09:18:46.365+0000] {logging_mixin.py:188} INFO - [2026-01-30T09:18:46.359+0000] {dagbag.py:355} ERROR - Failed to import: /opt/airflow/dags/customers_pipeline_dag.py
Traceback (most recent call last):
  File "/home/airflow/.local/lib/python3.12/site-packages/airflow/models/dagbag.py", line 351, in parse
    loader.exec_module(new_module)
  File "<frozen importlib._bootstrap_external>", line 995, in exec_module
  File "<frozen importlib._bootstrap>", line 488, in _call_with_frames_removed
  File "/opt/airflow/dags/customers_pipeline_dag.py", line 23, in <module>
    run_pipeline = DockerOperator(
                   ^^^^^^^^^^^^^^^
  File "/home/airflow/.local/lib/python3.12/site-packages/airflow/models/baseoperator.py", line 484, in apply_defaults
    result = func(self, **kwargs, default_args=default_args)
             ^^^^^^^^^^^^^^^^^^^^^^^^^^^^^^^^^^^^^^^^^^^^^^^
  File "/home/airflow/.local/lib/python3.12/site-packages/airflow/providers/docker/operators/docker.py", line 272, in __init__
    super().__init__(**kwargs)
  File "/home/airflow/.local/lib/python3.12/site-packages/airflow/models/baseoperator.py", line 484, in apply_defaults
    result = func(self, **kwargs, default_args=default_args)
             ^^^^^^^^^^^^^^^^^^^^^^^^^^^^^^^^^^^^^^^^^^^^^^^
  File "/home/airflow/.local/lib/python3.12/site-packages/airflow/models/baseoperator.py", line 881, in __init__
    raise AirflowException(
airflow.exceptions.AirflowException: Invalid arguments were passed to DockerOperator (task_id: run_customers_pipeline). Invalid arguments were:
**kwargs: {'volumes': ['/opt/airflow/data:/app/data']}
[2026-01-30T09:18:46.367+0000] {processor.py:842} WARNING - No viable dags retrieved from /opt/airflow/dags/customers_pipeline_dag.py
[2026-01-30T09:18:46.428+0000] {processor.py:183} INFO - Processing /opt/airflow/dags/customers_pipeline_dag.py took 0.106 seconds
[2026-01-30T09:19:16.716+0000] {processor.py:161} INFO - Started process (PID=219) to work on /opt/airflow/dags/customers_pipeline_dag.py
[2026-01-30T09:19:16.717+0000] {processor.py:830} INFO - Processing file /opt/airflow/dags/customers_pipeline_dag.py for tasks to queue
[2026-01-30T09:19:16.719+0000] {logging_mixin.py:188} INFO - [2026-01-30T09:19:16.718+0000] {dagbag.py:545} INFO - Filling up the DagBag from /opt/airflow/dags/customers_pipeline_dag.py
[2026-01-30T09:19:16.903+0000] {processor.py:840} INFO - DAG(s) 'customers_cleaning_pipeline' retrieved from /opt/airflow/dags/customers_pipeline_dag.py
[2026-01-30T09:19:18.119+0000] {logging_mixin.py:188} INFO - [2026-01-30T09:19:18.118+0000] {override.py:1829} INFO - Created Permission View: can edit on DAG:customers_cleaning_pipeline
[2026-01-30T09:19:18.137+0000] {logging_mixin.py:188} INFO - [2026-01-30T09:19:18.137+0000] {override.py:1829} INFO - Created Permission View: can read on DAG:customers_cleaning_pipeline
[2026-01-30T09:19:18.151+0000] {logging_mixin.py:188} INFO - [2026-01-30T09:19:18.151+0000] {override.py:1829} INFO - Created Permission View: can delete on DAG:customers_cleaning_pipeline
[2026-01-30T09:19:18.152+0000] {logging_mixin.py:188} INFO - [2026-01-30T09:19:18.151+0000] {dag.py:3096} INFO - Sync 1 DAGs
[2026-01-30T09:19:18.171+0000] {logging_mixin.py:188} INFO - [2026-01-30T09:19:18.171+0000] {dag.py:3118} INFO - Creating ORM DAG for customers_cleaning_pipeline
[2026-01-30T09:19:18.218+0000] {logging_mixin.py:188} INFO - [2026-01-30T09:19:18.217+0000] {dag.py:3954} INFO - Setting next_dagrun for customers_cleaning_pipeline to 2026-01-29 00:00:00+00:00, run_after=2026-01-30 00:00:00+00:00
[2026-01-30T09:19:18.263+0000] {processor.py:183} INFO - Processing /opt/airflow/dags/customers_pipeline_dag.py took 1.558 seconds
[2026-01-30T09:19:48.506+0000] {processor.py:161} INFO - Started process (PID=224) to work on /opt/airflow/dags/customers_pipeline_dag.py
[2026-01-30T09:19:48.508+0000] {processor.py:830} INFO - Processing file /opt/airflow/dags/customers_pipeline_dag.py for tasks to queue
[2026-01-30T09:19:48.511+0000] {logging_mixin.py:188} INFO - [2026-01-30T09:19:48.511+0000] {dagbag.py:545} INFO - Filling up the DagBag from /opt/airflow/dags/customers_pipeline_dag.py
[2026-01-30T09:19:48.543+0000] {processor.py:840} INFO - DAG(s) 'customers_cleaning_pipeline' retrieved from /opt/airflow/dags/customers_pipeline_dag.py
[2026-01-30T09:19:48.628+0000] {logging_mixin.py:188} INFO - [2026-01-30T09:19:48.628+0000] {dag.py:3096} INFO - Sync 1 DAGs
[2026-01-30T09:19:48.685+0000] {logging_mixin.py:188} INFO - [2026-01-30T09:19:48.685+0000] {dag.py:3954} INFO - Setting next_dagrun for customers_cleaning_pipeline to 2026-01-29 00:00:00+00:00, run_after=2026-01-30 00:00:00+00:00
[2026-01-30T09:19:48.723+0000] {processor.py:183} INFO - Processing /opt/airflow/dags/customers_pipeline_dag.py took 0.243 seconds
[2026-01-30T09:20:19.108+0000] {processor.py:161} INFO - Started process (PID=229) to work on /opt/airflow/dags/customers_pipeline_dag.py
[2026-01-30T09:20:19.110+0000] {processor.py:830} INFO - Processing file /opt/airflow/dags/customers_pipeline_dag.py for tasks to queue
[2026-01-30T09:20:19.113+0000] {logging_mixin.py:188} INFO - [2026-01-30T09:20:19.112+0000] {dagbag.py:545} INFO - Filling up the DagBag from /opt/airflow/dags/customers_pipeline_dag.py
[2026-01-30T09:20:19.149+0000] {processor.py:840} INFO - DAG(s) 'customers_cleaning_pipeline' retrieved from /opt/airflow/dags/customers_pipeline_dag.py
[2026-01-30T09:20:19.241+0000] {logging_mixin.py:188} INFO - [2026-01-30T09:20:19.240+0000] {dag.py:3096} INFO - Sync 1 DAGs
[2026-01-30T09:20:19.321+0000] {logging_mixin.py:188} INFO - [2026-01-30T09:20:19.320+0000] {dag.py:3954} INFO - Setting next_dagrun for customers_cleaning_pipeline to 2026-01-29 00:00:00+00:00, run_after=2026-01-30 00:00:00+00:00
[2026-01-30T09:20:19.418+0000] {processor.py:183} INFO - Processing /opt/airflow/dags/customers_pipeline_dag.py took 0.329 seconds
[2026-01-30T09:20:49.722+0000] {processor.py:161} INFO - Started process (PID=234) to work on /opt/airflow/dags/customers_pipeline_dag.py
[2026-01-30T09:20:49.724+0000] {processor.py:830} INFO - Processing file /opt/airflow/dags/customers_pipeline_dag.py for tasks to queue
[2026-01-30T09:20:49.727+0000] {logging_mixin.py:188} INFO - [2026-01-30T09:20:49.726+0000] {dagbag.py:545} INFO - Filling up the DagBag from /opt/airflow/dags/customers_pipeline_dag.py
[2026-01-30T09:20:49.765+0000] {processor.py:840} INFO - DAG(s) 'customers_cleaning_pipeline' retrieved from /opt/airflow/dags/customers_pipeline_dag.py
[2026-01-30T09:20:49.821+0000] {logging_mixin.py:188} INFO - [2026-01-30T09:20:49.820+0000] {dag.py:3096} INFO - Sync 1 DAGs
[2026-01-30T09:20:49.857+0000] {logging_mixin.py:188} INFO - [2026-01-30T09:20:49.857+0000] {dag.py:3954} INFO - Setting next_dagrun for customers_cleaning_pipeline to 2026-01-29 00:00:00+00:00, run_after=2026-01-30 00:00:00+00:00
[2026-01-30T09:20:49.892+0000] {processor.py:183} INFO - Processing /opt/airflow/dags/customers_pipeline_dag.py took 0.184 seconds
[2026-01-30T09:21:20.041+0000] {processor.py:161} INFO - Started process (PID=239) to work on /opt/airflow/dags/customers_pipeline_dag.py
[2026-01-30T09:21:20.042+0000] {processor.py:830} INFO - Processing file /opt/airflow/dags/customers_pipeline_dag.py for tasks to queue
[2026-01-30T09:21:20.045+0000] {logging_mixin.py:188} INFO - [2026-01-30T09:21:20.045+0000] {dagbag.py:545} INFO - Filling up the DagBag from /opt/airflow/dags/customers_pipeline_dag.py
[2026-01-30T09:21:20.079+0000] {processor.py:840} INFO - DAG(s) 'customers_cleaning_pipeline' retrieved from /opt/airflow/dags/customers_pipeline_dag.py
[2026-01-30T09:21:20.177+0000] {logging_mixin.py:188} INFO - [2026-01-30T09:21:20.176+0000] {dag.py:3096} INFO - Sync 1 DAGs
[2026-01-30T09:21:20.205+0000] {logging_mixin.py:188} INFO - [2026-01-30T09:21:20.204+0000] {dag.py:3954} INFO - Setting next_dagrun for customers_cleaning_pipeline to 2026-01-29 00:00:00+00:00, run_after=2026-01-30 00:00:00+00:00
[2026-01-30T09:21:20.239+0000] {processor.py:183} INFO - Processing /opt/airflow/dags/customers_pipeline_dag.py took 0.219 seconds
[2026-01-30T09:21:50.469+0000] {processor.py:161} INFO - Started process (PID=244) to work on /opt/airflow/dags/customers_pipeline_dag.py
[2026-01-30T09:21:50.470+0000] {processor.py:830} INFO - Processing file /opt/airflow/dags/customers_pipeline_dag.py for tasks to queue
[2026-01-30T09:21:50.474+0000] {logging_mixin.py:188} INFO - [2026-01-30T09:21:50.473+0000] {dagbag.py:545} INFO - Filling up the DagBag from /opt/airflow/dags/customers_pipeline_dag.py
[2026-01-30T09:21:50.513+0000] {processor.py:840} INFO - DAG(s) 'customers_cleaning_pipeline' retrieved from /opt/airflow/dags/customers_pipeline_dag.py
[2026-01-30T09:21:50.579+0000] {logging_mixin.py:188} INFO - [2026-01-30T09:21:50.579+0000] {dag.py:3096} INFO - Sync 1 DAGs
[2026-01-30T09:21:50.613+0000] {logging_mixin.py:188} INFO - [2026-01-30T09:21:50.613+0000] {dag.py:3954} INFO - Setting next_dagrun for customers_cleaning_pipeline to 2026-01-29 00:00:00+00:00, run_after=2026-01-30 00:00:00+00:00
[2026-01-30T09:21:50.639+0000] {processor.py:183} INFO - Processing /opt/airflow/dags/customers_pipeline_dag.py took 0.185 seconds
[2026-01-30T09:22:20.787+0000] {processor.py:161} INFO - Started process (PID=249) to work on /opt/airflow/dags/customers_pipeline_dag.py
[2026-01-30T09:22:20.790+0000] {processor.py:830} INFO - Processing file /opt/airflow/dags/customers_pipeline_dag.py for tasks to queue
[2026-01-30T09:22:20.793+0000] {logging_mixin.py:188} INFO - [2026-01-30T09:22:20.792+0000] {dagbag.py:545} INFO - Filling up the DagBag from /opt/airflow/dags/customers_pipeline_dag.py
[2026-01-30T09:22:20.818+0000] {processor.py:840} INFO - DAG(s) 'customers_cleaning_pipeline' retrieved from /opt/airflow/dags/customers_pipeline_dag.py
[2026-01-30T09:22:20.876+0000] {logging_mixin.py:188} INFO - [2026-01-30T09:22:20.876+0000] {dag.py:3096} INFO - Sync 1 DAGs
[2026-01-30T09:22:20.919+0000] {logging_mixin.py:188} INFO - [2026-01-30T09:22:20.919+0000] {dag.py:3954} INFO - Setting next_dagrun for customers_cleaning_pipeline to 2026-01-29 00:00:00+00:00, run_after=2026-01-30 00:00:00+00:00
[2026-01-30T09:22:20.944+0000] {processor.py:183} INFO - Processing /opt/airflow/dags/customers_pipeline_dag.py took 0.174 seconds
[2026-01-30T09:22:34.060+0000] {processor.py:161} INFO - Started process (PID=254) to work on /opt/airflow/dags/customers_pipeline_dag.py
[2026-01-30T09:22:34.063+0000] {processor.py:830} INFO - Processing file /opt/airflow/dags/customers_pipeline_dag.py for tasks to queue
[2026-01-30T09:22:34.068+0000] {logging_mixin.py:188} INFO - [2026-01-30T09:22:34.065+0000] {dagbag.py:545} INFO - Filling up the DagBag from /opt/airflow/dags/customers_pipeline_dag.py
[2026-01-30T09:22:34.094+0000] {processor.py:840} INFO - DAG(s) 'customers_cleaning_pipeline' retrieved from /opt/airflow/dags/customers_pipeline_dag.py
[2026-01-30T09:22:34.384+0000] {logging_mixin.py:188} INFO - [2026-01-30T09:22:34.384+0000] {dag.py:3096} INFO - Sync 1 DAGs
[2026-01-30T09:22:34.427+0000] {logging_mixin.py:188} INFO - [2026-01-30T09:22:34.427+0000] {dag.py:3954} INFO - Setting next_dagrun for customers_cleaning_pipeline to 2026-01-29 00:00:00+00:00, run_after=2026-01-30 00:00:00+00:00
[2026-01-30T09:22:34.484+0000] {processor.py:183} INFO - Processing /opt/airflow/dags/customers_pipeline_dag.py took 0.430 seconds
[2026-01-30T09:23:04.835+0000] {processor.py:161} INFO - Started process (PID=259) to work on /opt/airflow/dags/customers_pipeline_dag.py
[2026-01-30T09:23:04.848+0000] {processor.py:830} INFO - Processing file /opt/airflow/dags/customers_pipeline_dag.py for tasks to queue
[2026-01-30T09:23:04.852+0000] {logging_mixin.py:188} INFO - [2026-01-30T09:23:04.852+0000] {dagbag.py:545} INFO - Filling up the DagBag from /opt/airflow/dags/customers_pipeline_dag.py
[2026-01-30T09:23:04.879+0000] {processor.py:840} INFO - DAG(s) 'customers_cleaning_pipeline' retrieved from /opt/airflow/dags/customers_pipeline_dag.py
[2026-01-30T09:23:04.926+0000] {logging_mixin.py:188} INFO - [2026-01-30T09:23:04.926+0000] {dag.py:3096} INFO - Sync 1 DAGs
[2026-01-30T09:23:04.956+0000] {logging_mixin.py:188} INFO - [2026-01-30T09:23:04.955+0000] {dag.py:3954} INFO - Setting next_dagrun for customers_cleaning_pipeline to 2026-01-29 00:00:00+00:00, run_after=2026-01-30 00:00:00+00:00
[2026-01-30T09:23:04.986+0000] {processor.py:183} INFO - Processing /opt/airflow/dags/customers_pipeline_dag.py took 0.161 seconds
[2026-01-30T09:23:35.272+0000] {processor.py:161} INFO - Started process (PID=268) to work on /opt/airflow/dags/customers_pipeline_dag.py
[2026-01-30T09:23:35.277+0000] {processor.py:830} INFO - Processing file /opt/airflow/dags/customers_pipeline_dag.py for tasks to queue
[2026-01-30T09:23:35.285+0000] {logging_mixin.py:188} INFO - [2026-01-30T09:23:35.280+0000] {dagbag.py:545} INFO - Filling up the DagBag from /opt/airflow/dags/customers_pipeline_dag.py
[2026-01-30T09:23:35.349+0000] {processor.py:840} INFO - DAG(s) 'customers_cleaning_pipeline' retrieved from /opt/airflow/dags/customers_pipeline_dag.py
[2026-01-30T09:23:35.487+0000] {logging_mixin.py:188} INFO - [2026-01-30T09:23:35.486+0000] {dag.py:3096} INFO - Sync 1 DAGs
[2026-01-30T09:23:35.545+0000] {logging_mixin.py:188} INFO - [2026-01-30T09:23:35.545+0000] {dag.py:3954} INFO - Setting next_dagrun for customers_cleaning_pipeline to 2026-01-30 00:00:00+00:00, run_after=2026-01-31 00:00:00+00:00
[2026-01-30T09:23:35.633+0000] {processor.py:183} INFO - Processing /opt/airflow/dags/customers_pipeline_dag.py took 0.379 seconds
[2026-01-30T09:24:06.134+0000] {processor.py:161} INFO - Started process (PID=273) to work on /opt/airflow/dags/customers_pipeline_dag.py
[2026-01-30T09:24:06.136+0000] {processor.py:830} INFO - Processing file /opt/airflow/dags/customers_pipeline_dag.py for tasks to queue
[2026-01-30T09:24:06.138+0000] {logging_mixin.py:188} INFO - [2026-01-30T09:24:06.138+0000] {dagbag.py:545} INFO - Filling up the DagBag from /opt/airflow/dags/customers_pipeline_dag.py
[2026-01-30T09:24:06.163+0000] {processor.py:840} INFO - DAG(s) 'customers_cleaning_pipeline' retrieved from /opt/airflow/dags/customers_pipeline_dag.py
[2026-01-30T09:24:06.222+0000] {logging_mixin.py:188} INFO - [2026-01-30T09:24:06.221+0000] {dag.py:3096} INFO - Sync 1 DAGs
[2026-01-30T09:24:06.291+0000] {logging_mixin.py:188} INFO - [2026-01-30T09:24:06.290+0000] {dag.py:3954} INFO - Setting next_dagrun for customers_cleaning_pipeline to 2026-01-30 00:00:00+00:00, run_after=2026-01-31 00:00:00+00:00
[2026-01-30T09:24:06.401+0000] {processor.py:183} INFO - Processing /opt/airflow/dags/customers_pipeline_dag.py took 0.278 seconds
[2026-01-30T09:24:36.527+0000] {processor.py:161} INFO - Started process (PID=280) to work on /opt/airflow/dags/customers_pipeline_dag.py
[2026-01-30T09:24:36.538+0000] {processor.py:830} INFO - Processing file /opt/airflow/dags/customers_pipeline_dag.py for tasks to queue
[2026-01-30T09:24:36.544+0000] {logging_mixin.py:188} INFO - [2026-01-30T09:24:36.543+0000] {dagbag.py:545} INFO - Filling up the DagBag from /opt/airflow/dags/customers_pipeline_dag.py
[2026-01-30T09:24:36.575+0000] {processor.py:840} INFO - DAG(s) 'customers_cleaning_pipeline' retrieved from /opt/airflow/dags/customers_pipeline_dag.py
[2026-01-30T09:24:36.663+0000] {logging_mixin.py:188} INFO - [2026-01-30T09:24:36.662+0000] {dag.py:3096} INFO - Sync 1 DAGs
[2026-01-30T09:24:36.718+0000] {logging_mixin.py:188} INFO - [2026-01-30T09:24:36.718+0000] {dag.py:3954} INFO - Setting next_dagrun for customers_cleaning_pipeline to 2026-01-30 00:00:00+00:00, run_after=2026-01-31 00:00:00+00:00
[2026-01-30T09:24:36.759+0000] {processor.py:183} INFO - Processing /opt/airflow/dags/customers_pipeline_dag.py took 0.240 seconds
[2026-01-30T09:25:00.682+0000] {processor.py:161} INFO - Started process (PID=287) to work on /opt/airflow/dags/customers_pipeline_dag.py
[2026-01-30T09:25:00.683+0000] {processor.py:830} INFO - Processing file /opt/airflow/dags/customers_pipeline_dag.py for tasks to queue
[2026-01-30T09:25:00.685+0000] {logging_mixin.py:188} INFO - [2026-01-30T09:25:00.685+0000] {dagbag.py:545} INFO - Filling up the DagBag from /opt/airflow/dags/customers_pipeline_dag.py
[2026-01-30T09:25:00.701+0000] {processor.py:840} INFO - DAG(s) 'customers_cleaning_pipeline' retrieved from /opt/airflow/dags/customers_pipeline_dag.py
[2026-01-30T09:25:01.065+0000] {logging_mixin.py:188} INFO - [2026-01-30T09:25:01.065+0000] {dag.py:3096} INFO - Sync 1 DAGs
[2026-01-30T09:25:01.087+0000] {logging_mixin.py:188} INFO - [2026-01-30T09:25:01.087+0000] {dag.py:3954} INFO - Setting next_dagrun for customers_cleaning_pipeline to 2026-01-30 00:00:00+00:00, run_after=2026-01-31 00:00:00+00:00
[2026-01-30T09:25:01.107+0000] {processor.py:183} INFO - Processing /opt/airflow/dags/customers_pipeline_dag.py took 0.432 seconds
[2026-01-30T09:25:31.470+0000] {processor.py:161} INFO - Started process (PID=294) to work on /opt/airflow/dags/customers_pipeline_dag.py
[2026-01-30T09:25:31.474+0000] {processor.py:830} INFO - Processing file /opt/airflow/dags/customers_pipeline_dag.py for tasks to queue
[2026-01-30T09:25:31.481+0000] {logging_mixin.py:188} INFO - [2026-01-30T09:25:31.480+0000] {dagbag.py:545} INFO - Filling up the DagBag from /opt/airflow/dags/customers_pipeline_dag.py
[2026-01-30T09:25:31.545+0000] {processor.py:840} INFO - DAG(s) 'customers_cleaning_pipeline' retrieved from /opt/airflow/dags/customers_pipeline_dag.py
[2026-01-30T09:25:31.713+0000] {logging_mixin.py:188} INFO - [2026-01-30T09:25:31.713+0000] {dag.py:3096} INFO - Sync 1 DAGs
[2026-01-30T09:25:31.793+0000] {logging_mixin.py:188} INFO - [2026-01-30T09:25:31.793+0000] {dag.py:3954} INFO - Setting next_dagrun for customers_cleaning_pipeline to 2026-01-30 00:00:00+00:00, run_after=2026-01-31 00:00:00+00:00
[2026-01-30T09:25:31.846+0000] {processor.py:183} INFO - Processing /opt/airflow/dags/customers_pipeline_dag.py took 0.394 seconds
[2026-01-30T09:26:02.220+0000] {processor.py:161} INFO - Started process (PID=299) to work on /opt/airflow/dags/customers_pipeline_dag.py
[2026-01-30T09:26:02.224+0000] {processor.py:830} INFO - Processing file /opt/airflow/dags/customers_pipeline_dag.py for tasks to queue
[2026-01-30T09:26:02.226+0000] {logging_mixin.py:188} INFO - [2026-01-30T09:26:02.226+0000] {dagbag.py:545} INFO - Filling up the DagBag from /opt/airflow/dags/customers_pipeline_dag.py
[2026-01-30T09:26:02.244+0000] {processor.py:840} INFO - DAG(s) 'customers_cleaning_pipeline' retrieved from /opt/airflow/dags/customers_pipeline_dag.py
[2026-01-30T09:26:02.319+0000] {logging_mixin.py:188} INFO - [2026-01-30T09:26:02.319+0000] {dag.py:3096} INFO - Sync 1 DAGs
[2026-01-30T09:26:02.359+0000] {logging_mixin.py:188} INFO - [2026-01-30T09:26:02.359+0000] {dag.py:3954} INFO - Setting next_dagrun for customers_cleaning_pipeline to 2026-01-30 00:00:00+00:00, run_after=2026-01-31 00:00:00+00:00
[2026-01-30T09:26:02.388+0000] {processor.py:183} INFO - Processing /opt/airflow/dags/customers_pipeline_dag.py took 0.180 seconds
